<?xml version="1.0" encoding="UTF-8"?>
<testsuite xmlns:xsi="http://www.w3.org/2001/XMLSchema-instance" xsi:noNamespaceSchemaLocation="https://maven.apache.org/surefire/maven-surefire-plugin/xsd/surefire-test-report.xsd" name="com.nice.coday.ElectricityConsumptionCalculatorTest" time="0.587" tests="7" errors="7" skipped="0" failures="0">
  <properties>
[...]
</properties>
  <testcase name="test1" classname="com.nice.coday.ElectricityConsumptionCalculatorTest" time="0.065">
    <error message="Not implemented yet." type="org.apache.poi.ss.formula.eval.NotImplementedException">org.apache.poi.ss.formula.eval.NotImplementedException: Not implemented yet.
	at com.nice.coday.ElectricityConsumptionCalculatorTest.test1(ElectricityConsumptionCalculatorTest.java:35)
</error>
    <system-out><![CDATA[src/main/resources/TestCase1/VehicleTypeInfo.csv
480
]]></system-out>
  </testcase>
  <testcase name="test2" classname="com.nice.coday.ElectricityConsumptionCalculatorTest" time="0.008">
    <error message="Not implemented yet." type="org.apache.poi.ss.formula.eval.NotImplementedException">org.apache.poi.ss.formula.eval.NotImplementedException: Not implemented yet.
	at com.nice.coday.ElectricityConsumptionCalculatorTest.test2(ElectricityConsumptionCalculatorTest.java:92)
</error>
    <system-out><![CDATA[src/main/resources/TestCase2/VehicleTypeInfo.csv
300
]]></system-out>
  </testcase>
  <testcase name="test3" classname="com.nice.coday.ElectricityConsumptionCalculatorTest" time="0.01">
    <error message="Not implemented yet." type="org.apache.poi.ss.formula.eval.NotImplementedException">org.apache.poi.ss.formula.eval.NotImplementedException: Not implemented yet.
	at com.nice.coday.ElectricityConsumptionCalculatorTest.test3(ElectricityConsumptionCalculatorTest.java:125)
</error>
    <system-out><![CDATA[src/main/resources/TestCase3/VehicleTypeInfo.csv
360
]]></system-out>
  </testcase>
  <testcase name="test4" classname="com.nice.coday.ElectricityConsumptionCalculatorTest" time="0.007">
    <error message="Not implemented yet." type="org.apache.poi.ss.formula.eval.NotImplementedException">org.apache.poi.ss.formula.eval.NotImplementedException: Not implemented yet.
	at com.nice.coday.ElectricityConsumptionCalculatorTest.test4(ElectricityConsumptionCalculatorTest.java:151)
</error>
    <system-out><![CDATA[src/main/resources/TestCase4/VehicleTypeInfo.csv
480
]]></system-out>
  </testcase>
  <testcase name="test5" classname="com.nice.coday.ElectricityConsumptionCalculatorTest" time="0.051">
    <error message="Not implemented yet." type="org.apache.poi.ss.formula.eval.NotImplementedException">org.apache.poi.ss.formula.eval.NotImplementedException: Not implemented yet.
	at com.nice.coday.ElectricityConsumptionCalculatorTest.test5(ElectricityConsumptionCalculatorTest.java:194)
</error>
    <system-out><![CDATA[src/main/resources/TestCase5/VehicleTypeInfo.csv
540
]]></system-out>
  </testcase>
  <testcase name="test6" classname="com.nice.coday.ElectricityConsumptionCalculatorTest" time="0.178">
    <error message="Not implemented yet." type="org.apache.poi.ss.formula.eval.NotImplementedException">org.apache.poi.ss.formula.eval.NotImplementedException: Not implemented yet.
	at com.nice.coday.ElectricityConsumptionCalculatorTest.test6(ElectricityConsumptionCalculatorTest.java:235)
</error>
    <system-out><![CDATA[src/main/resources/TestCase6/VehicleTypeInfo.csv
540
]]></system-out>
  </testcase>
  <testcase name="test7" classname="com.nice.coday.ElectricityConsumptionCalculatorTest" time="0.221">
    <error message="Not implemented yet." type="org.apache.poi.ss.formula.eval.NotImplementedException">org.apache.poi.ss.formula.eval.NotImplementedException: Not implemented yet.
	at com.nice.coday.ElectricityConsumptionCalculatorTest.test7(ElectricityConsumptionCalculatorTest.java:280)
</error>
    <system-out><![CDATA[src/main/resources/TestCase7/VehicleTypeInfo.csv
480
]]></system-out>
  </testcase>
</testsuite>